ERROR - 2024-03-27 08:50:00 --> Error connecting to the database: mysqli_sql_exception: Hedef makine etkin olarak reddettiğinden bağlantı kurulamadı in C:\xampp\htdocs\CodeIgniter-umuttepe\system\Database\MySQLi\Connection.php:184
Stack trace:
#0 C:\xampp\htdocs\CodeIgniter-umuttepe\system\Database\MySQLi\Connection.php(184): mysqli->real_connect('localhost', 'root', Object(SensitiveParameterValue), 'umuttepe_turizm', 3306, '', 0)
#1 C:\xampp\htdocs\CodeIgniter-umuttepe\system\Database\BaseConnection.php(392): CodeIgniter\Database\MySQLi\Connection->connect(false)
#2 C:\xampp\htdocs\CodeIgniter-umuttepe\system\Database\BaseConnection.php(575): CodeIgniter\Database\BaseConnection->initialize()
#3 C:\xampp\htdocs\CodeIgniter-umuttepe\system\Database\BaseBuilder.php(1616): CodeIgniter\Database\BaseConnection->query('SELECT `sefer_s...', Array, false)
#4 C:\xampp\htdocs\CodeIgniter-umuttepe\system\Model.php(242): CodeIgniter\Database\BaseBuilder->get()
#5 C:\xampp\htdocs\CodeIgniter-umuttepe\system\BaseModel.php(638): CodeIgniter\Model->doFindAll(0, 0)
#6 C:\xampp\htdocs\CodeIgniter-umuttepe\app\Models\Sefer_model.php(19): CodeIgniter\BaseModel->findAll()
#7 C:\xampp\htdocs\CodeIgniter-umuttepe\app\Controllers\TicketPrice.php(13): App\Models\Sefer_model->getSeferSaatUcret()
#8 C:\xampp\htdocs\CodeIgniter-umuttepe\system\CodeIgniter.php(941): App\Controllers\TicketPrice->ticketprice()
#9 C:\xampp\htdocs\CodeIgniter-umuttepe\system\CodeIgniter.php(502): CodeIgniter\CodeIgniter->runController(Object(App\Controllers\TicketPrice))
#10 C:\xampp\htdocs\CodeIgniter-umuttepe\system\CodeIgniter.php(361): CodeIgniter\CodeIgniter->handleRequest(NULL, Object(Config\Cache), false)
#11 C:\xampp\htdocs\CodeIgniter-umuttepe\public\index.php(79): CodeIgniter\CodeIgniter->run()
#12 C:\xampp\htdocs\CodeIgniter-umuttepe\system\Commands\Server\rewrite.php(47): require_once('C:\\xampp\\htdocs...')
#13 {main}

Next CodeIgniter\Database\Exceptions\DatabaseException: Hedef makine etkin olarak reddettiğinden bağlantı kurulamadı in C:\xampp\htdocs\CodeIgniter-umuttepe\system\Database\MySQLi\Connection.php:229
Stack trace:
#0 C:\xampp\htdocs\CodeIgniter-umuttepe\system\Database\BaseConnection.php(392): CodeIgniter\Database\MySQLi\Connection->connect(false)
#1 C:\xampp\htdocs\CodeIgniter-umuttepe\system\Database\BaseConnection.php(575): CodeIgniter\Database\BaseConnection->initialize()
#2 C:\xampp\htdocs\CodeIgniter-umuttepe\system\Database\BaseBuilder.php(1616): CodeIgniter\Database\BaseConnection->query('SELECT `sefer_s...', Array, false)
#3 C:\xampp\htdocs\CodeIgniter-umuttepe\system\Model.php(242): CodeIgniter\Database\BaseBuilder->get()
#4 C:\xampp\htdocs\CodeIgniter-umuttepe\system\BaseModel.php(638): CodeIgniter\Model->doFindAll(0, 0)
#5 C:\xampp\htdocs\CodeIgniter-umuttepe\app\Models\Sefer_model.php(19): CodeIgniter\BaseModel->findAll()
#6 C:\xampp\htdocs\CodeIgniter-umuttepe\app\Controllers\TicketPrice.php(13): App\Models\Sefer_model->getSeferSaatUcret()
#7 C:\xampp\htdocs\CodeIgniter-umuttepe\system\CodeIgniter.php(941): App\Controllers\TicketPrice->ticketprice()
#8 C:\xampp\htdocs\CodeIgniter-umuttepe\system\CodeIgniter.php(502): CodeIgniter\CodeIgniter->runController(Object(App\Controllers\TicketPrice))
#9 C:\xampp\htdocs\CodeIgniter-umuttepe\system\CodeIgniter.php(361): CodeIgniter\CodeIgniter->handleRequest(NULL, Object(Config\Cache), false)
#10 C:\xampp\htdocs\CodeIgniter-umuttepe\public\index.php(79): CodeIgniter\CodeIgniter->run()
#11 C:\xampp\htdocs\CodeIgniter-umuttepe\system\Commands\Server\rewrite.php(47): require_once('C:\\xampp\\htdocs...')
#12 {main}
CRITICAL - 2024-03-27 08:50:00 --> CodeIgniter\Database\Exceptions\DatabaseException: Unable to connect to the database.
Main connection [MySQLi]: Hedef makine etkin olarak reddettiğinden bağlantı kurulamadı
in SYSTEMPATH\Database\BaseConnection.php on line 428.
 1 SYSTEMPATH\Database\BaseConnection.php(575): CodeIgniter\Database\BaseConnection->initialize()
 2 SYSTEMPATH\Database\BaseBuilder.php(1616): CodeIgniter\Database\BaseConnection->query('SELECT `sefer_saat`, `ucret`
FROM `sefer`', [], false)
 3 SYSTEMPATH\Model.php(242): CodeIgniter\Database\BaseBuilder->get()
 4 SYSTEMPATH\BaseModel.php(638): CodeIgniter\Model->doFindAll(0, 0)
 5 APPPATH\Models\Sefer_model.php(19): CodeIgniter\BaseModel->findAll()
 6 APPPATH\Controllers\TicketPrice.php(13): App\Models\Sefer_model->getSeferSaatUcret()
 7 SYSTEMPATH\CodeIgniter.php(941): App\Controllers\TicketPrice->ticketprice()
 8 SYSTEMPATH\CodeIgniter.php(502): CodeIgniter\CodeIgniter->runController(Object(App\Controllers\TicketPrice))
 9 SYSTEMPATH\CodeIgniter.php(361): CodeIgniter\CodeIgniter->handleRequest(null, Object(Config\Cache), false)
10 FCPATH\index.php(79): CodeIgniter\CodeIgniter->run()
11 SYSTEMPATH\Commands\Server\rewrite.php(47): require_once('C:\\xampp\\htdocs\\CodeIgniter-umuttepe\\public\\index.php')
ERROR - 2024-03-27 08:50:11 --> Error connecting to the database: mysqli_sql_exception: Hedef makine etkin olarak reddettiğinden bağlantı kurulamadı in C:\xampp\htdocs\CodeIgniter-umuttepe\system\Database\MySQLi\Connection.php:184
Stack trace:
#0 C:\xampp\htdocs\CodeIgniter-umuttepe\system\Database\MySQLi\Connection.php(184): mysqli->real_connect('localhost', 'root', Object(SensitiveParameterValue), 'umuttepe_turizm', 3306, '', 0)
#1 C:\xampp\htdocs\CodeIgniter-umuttepe\system\Database\BaseConnection.php(392): CodeIgniter\Database\MySQLi\Connection->connect(false)
#2 C:\xampp\htdocs\CodeIgniter-umuttepe\system\Database\BaseConnection.php(575): CodeIgniter\Database\BaseConnection->initialize()
#3 C:\xampp\htdocs\CodeIgniter-umuttepe\system\Database\BaseBuilder.php(1616): CodeIgniter\Database\BaseConnection->query('SELECT `sefer_s...', Array, false)
#4 C:\xampp\htdocs\CodeIgniter-umuttepe\system\Model.php(242): CodeIgniter\Database\BaseBuilder->get()
#5 C:\xampp\htdocs\CodeIgniter-umuttepe\system\BaseModel.php(638): CodeIgniter\Model->doFindAll(0, 0)
#6 C:\xampp\htdocs\CodeIgniter-umuttepe\app\Models\Sefer_model.php(19): CodeIgniter\BaseModel->findAll()
#7 C:\xampp\htdocs\CodeIgniter-umuttepe\app\Controllers\TicketPrice.php(13): App\Models\Sefer_model->getSeferSaatUcret()
#8 C:\xampp\htdocs\CodeIgniter-umuttepe\system\CodeIgniter.php(941): App\Controllers\TicketPrice->ticketprice()
#9 C:\xampp\htdocs\CodeIgniter-umuttepe\system\CodeIgniter.php(502): CodeIgniter\CodeIgniter->runController(Object(App\Controllers\TicketPrice))
#10 C:\xampp\htdocs\CodeIgniter-umuttepe\system\CodeIgniter.php(361): CodeIgniter\CodeIgniter->handleRequest(NULL, Object(Config\Cache), false)
#11 C:\xampp\htdocs\CodeIgniter-umuttepe\public\index.php(79): CodeIgniter\CodeIgniter->run()
#12 C:\xampp\htdocs\CodeIgniter-umuttepe\system\Commands\Server\rewrite.php(47): require_once('C:\\xampp\\htdocs...')
#13 {main}

Next CodeIgniter\Database\Exceptions\DatabaseException: Hedef makine etkin olarak reddettiğinden bağlantı kurulamadı in C:\xampp\htdocs\CodeIgniter-umuttepe\system\Database\MySQLi\Connection.php:229
Stack trace:
#0 C:\xampp\htdocs\CodeIgniter-umuttepe\system\Database\BaseConnection.php(392): CodeIgniter\Database\MySQLi\Connection->connect(false)
#1 C:\xampp\htdocs\CodeIgniter-umuttepe\system\Database\BaseConnection.php(575): CodeIgniter\Database\BaseConnection->initialize()
#2 C:\xampp\htdocs\CodeIgniter-umuttepe\system\Database\BaseBuilder.php(1616): CodeIgniter\Database\BaseConnection->query('SELECT `sefer_s...', Array, false)
#3 C:\xampp\htdocs\CodeIgniter-umuttepe\system\Model.php(242): CodeIgniter\Database\BaseBuilder->get()
#4 C:\xampp\htdocs\CodeIgniter-umuttepe\system\BaseModel.php(638): CodeIgniter\Model->doFindAll(0, 0)
#5 C:\xampp\htdocs\CodeIgniter-umuttepe\app\Models\Sefer_model.php(19): CodeIgniter\BaseModel->findAll()
#6 C:\xampp\htdocs\CodeIgniter-umuttepe\app\Controllers\TicketPrice.php(13): App\Models\Sefer_model->getSeferSaatUcret()
#7 C:\xampp\htdocs\CodeIgniter-umuttepe\system\CodeIgniter.php(941): App\Controllers\TicketPrice->ticketprice()
#8 C:\xampp\htdocs\CodeIgniter-umuttepe\system\CodeIgniter.php(502): CodeIgniter\CodeIgniter->runController(Object(App\Controllers\TicketPrice))
#9 C:\xampp\htdocs\CodeIgniter-umuttepe\system\CodeIgniter.php(361): CodeIgniter\CodeIgniter->handleRequest(NULL, Object(Config\Cache), false)
#10 C:\xampp\htdocs\CodeIgniter-umuttepe\public\index.php(79): CodeIgniter\CodeIgniter->run()
#11 C:\xampp\htdocs\CodeIgniter-umuttepe\system\Commands\Server\rewrite.php(47): require_once('C:\\xampp\\htdocs...')
#12 {main}
CRITICAL - 2024-03-27 08:50:11 --> CodeIgniter\Database\Exceptions\DatabaseException: Unable to connect to the database.
Main connection [MySQLi]: Hedef makine etkin olarak reddettiğinden bağlantı kurulamadı
in SYSTEMPATH\Database\BaseConnection.php on line 428.
 1 SYSTEMPATH\Database\BaseConnection.php(575): CodeIgniter\Database\BaseConnection->initialize()
 2 SYSTEMPATH\Database\BaseBuilder.php(1616): CodeIgniter\Database\BaseConnection->query('SELECT `sefer_saat`, `ucret`
FROM `sefer`', [], false)
 3 SYSTEMPATH\Model.php(242): CodeIgniter\Database\BaseBuilder->get()
 4 SYSTEMPATH\BaseModel.php(638): CodeIgniter\Model->doFindAll(0, 0)
 5 APPPATH\Models\Sefer_model.php(19): CodeIgniter\BaseModel->findAll()
 6 APPPATH\Controllers\TicketPrice.php(13): App\Models\Sefer_model->getSeferSaatUcret()
 7 SYSTEMPATH\CodeIgniter.php(941): App\Controllers\TicketPrice->ticketprice()
 8 SYSTEMPATH\CodeIgniter.php(502): CodeIgniter\CodeIgniter->runController(Object(App\Controllers\TicketPrice))
 9 SYSTEMPATH\CodeIgniter.php(361): CodeIgniter\CodeIgniter->handleRequest(null, Object(Config\Cache), false)
10 FCPATH\index.php(79): CodeIgniter\CodeIgniter->run()
11 SYSTEMPATH\Commands\Server\rewrite.php(47): require_once('C:\\xampp\\htdocs\\CodeIgniter-umuttepe\\public\\index.php')
ERROR - 2024-03-27 08:50:16 --> Error connecting to the database: mysqli_sql_exception: Hedef makine etkin olarak reddettiğinden bağlantı kurulamadı in C:\xampp\htdocs\CodeIgniter-umuttepe\system\Database\MySQLi\Connection.php:184
Stack trace:
#0 C:\xampp\htdocs\CodeIgniter-umuttepe\system\Database\MySQLi\Connection.php(184): mysqli->real_connect('localhost', 'root', Object(SensitiveParameterValue), 'umuttepe_turizm', 3306, '', 0)
#1 C:\xampp\htdocs\CodeIgniter-umuttepe\system\Database\BaseConnection.php(392): CodeIgniter\Database\MySQLi\Connection->connect(false)
#2 C:\xampp\htdocs\CodeIgniter-umuttepe\system\Database\BaseConnection.php(575): CodeIgniter\Database\BaseConnection->initialize()
#3 C:\xampp\htdocs\CodeIgniter-umuttepe\system\Database\BaseBuilder.php(1616): CodeIgniter\Database\BaseConnection->query('SELECT `sefer_s...', Array, false)
#4 C:\xampp\htdocs\CodeIgniter-umuttepe\system\Model.php(242): CodeIgniter\Database\BaseBuilder->get()
#5 C:\xampp\htdocs\CodeIgniter-umuttepe\system\BaseModel.php(638): CodeIgniter\Model->doFindAll(0, 0)
#6 C:\xampp\htdocs\CodeIgniter-umuttepe\app\Models\Sefer_model.php(19): CodeIgniter\BaseModel->findAll()
#7 C:\xampp\htdocs\CodeIgniter-umuttepe\app\Controllers\TicketPrice.php(13): App\Models\Sefer_model->getSeferSaatUcret()
#8 C:\xampp\htdocs\CodeIgniter-umuttepe\system\CodeIgniter.php(941): App\Controllers\TicketPrice->ticketprice()
#9 C:\xampp\htdocs\CodeIgniter-umuttepe\system\CodeIgniter.php(502): CodeIgniter\CodeIgniter->runController(Object(App\Controllers\TicketPrice))
#10 C:\xampp\htdocs\CodeIgniter-umuttepe\system\CodeIgniter.php(361): CodeIgniter\CodeIgniter->handleRequest(NULL, Object(Config\Cache), false)
#11 C:\xampp\htdocs\CodeIgniter-umuttepe\public\index.php(79): CodeIgniter\CodeIgniter->run()
#12 C:\xampp\htdocs\CodeIgniter-umuttepe\system\Commands\Server\rewrite.php(47): require_once('C:\\xampp\\htdocs...')
#13 {main}

Next CodeIgniter\Database\Exceptions\DatabaseException: Hedef makine etkin olarak reddettiğinden bağlantı kurulamadı in C:\xampp\htdocs\CodeIgniter-umuttepe\system\Database\MySQLi\Connection.php:229
Stack trace:
#0 C:\xampp\htdocs\CodeIgniter-umuttepe\system\Database\BaseConnection.php(392): CodeIgniter\Database\MySQLi\Connection->connect(false)
#1 C:\xampp\htdocs\CodeIgniter-umuttepe\system\Database\BaseConnection.php(575): CodeIgniter\Database\BaseConnection->initialize()
#2 C:\xampp\htdocs\CodeIgniter-umuttepe\system\Database\BaseBuilder.php(1616): CodeIgniter\Database\BaseConnection->query('SELECT `sefer_s...', Array, false)
#3 C:\xampp\htdocs\CodeIgniter-umuttepe\system\Model.php(242): CodeIgniter\Database\BaseBuilder->get()
#4 C:\xampp\htdocs\CodeIgniter-umuttepe\system\BaseModel.php(638): CodeIgniter\Model->doFindAll(0, 0)
#5 C:\xampp\htdocs\CodeIgniter-umuttepe\app\Models\Sefer_model.php(19): CodeIgniter\BaseModel->findAll()
#6 C:\xampp\htdocs\CodeIgniter-umuttepe\app\Controllers\TicketPrice.php(13): App\Models\Sefer_model->getSeferSaatUcret()
#7 C:\xampp\htdocs\CodeIgniter-umuttepe\system\CodeIgniter.php(941): App\Controllers\TicketPrice->ticketprice()
#8 C:\xampp\htdocs\CodeIgniter-umuttepe\system\CodeIgniter.php(502): CodeIgniter\CodeIgniter->runController(Object(App\Controllers\TicketPrice))
#9 C:\xampp\htdocs\CodeIgniter-umuttepe\system\CodeIgniter.php(361): CodeIgniter\CodeIgniter->handleRequest(NULL, Object(Config\Cache), false)
#10 C:\xampp\htdocs\CodeIgniter-umuttepe\public\index.php(79): CodeIgniter\CodeIgniter->run()
#11 C:\xampp\htdocs\CodeIgniter-umuttepe\system\Commands\Server\rewrite.php(47): require_once('C:\\xampp\\htdocs...')
#12 {main}
CRITICAL - 2024-03-27 08:50:16 --> CodeIgniter\Database\Exceptions\DatabaseException: Unable to connect to the database.
Main connection [MySQLi]: Hedef makine etkin olarak reddettiğinden bağlantı kurulamadı
in SYSTEMPATH\Database\BaseConnection.php on line 428.
 1 SYSTEMPATH\Database\BaseConnection.php(575): CodeIgniter\Database\BaseConnection->initialize()
 2 SYSTEMPATH\Database\BaseBuilder.php(1616): CodeIgniter\Database\BaseConnection->query('SELECT `sefer_saat`, `ucret`
FROM `sefer`', [], false)
 3 SYSTEMPATH\Model.php(242): CodeIgniter\Database\BaseBuilder->get()
 4 SYSTEMPATH\BaseModel.php(638): CodeIgniter\Model->doFindAll(0, 0)
 5 APPPATH\Models\Sefer_model.php(19): CodeIgniter\BaseModel->findAll()
 6 APPPATH\Controllers\TicketPrice.php(13): App\Models\Sefer_model->getSeferSaatUcret()
 7 SYSTEMPATH\CodeIgniter.php(941): App\Controllers\TicketPrice->ticketprice()
 8 SYSTEMPATH\CodeIgniter.php(502): CodeIgniter\CodeIgniter->runController(Object(App\Controllers\TicketPrice))
 9 SYSTEMPATH\CodeIgniter.php(361): CodeIgniter\CodeIgniter->handleRequest(null, Object(Config\Cache), false)
10 FCPATH\index.php(79): CodeIgniter\CodeIgniter->run()
11 SYSTEMPATH\Commands\Server\rewrite.php(47): require_once('C:\\xampp\\htdocs\\CodeIgniter-umuttepe\\public\\index.php')
