CRITICAL - 2024-03-21 08:20:49 --> BadMethodCallException: Call to undefined method App\Models\Sefer_model::getSeferSaatUcret
in SYSTEMPATH\Model.php on line 874.
 1 APPPATH\Controllers\TicketPrice.php(13): CodeIgniter\Model->__call('getSeferSaatUcret', [])
 2 SYSTEMPATH\CodeIgniter.php(941): App\Controllers\TicketPrice->ticketprice()
 3 SYSTEMPATH\CodeIgniter.php(502): CodeIgniter\CodeIgniter->runController(Object(App\Controllers\TicketPrice))
 4 SYSTEMPATH\CodeIgniter.php(361): CodeIgniter\CodeIgniter->handleRequest(null, Object(Config\Cache), false)
 5 FCPATH\index.php(79): CodeIgniter\CodeIgniter->run()
 6 SYSTEMPATH\Commands\Server\rewrite.php(47): require_once('C:\\xampp\\htdocs\\CodeIgniter-umuttepe\\public\\index.php')
CRITICAL - 2024-03-21 08:20:56 --> BadMethodCallException: Call to undefined method App\Models\Sefer_model::getSeferSaatUcret
in SYSTEMPATH\Model.php on line 874.
 1 APPPATH\Controllers\TicketPrice.php(13): CodeIgniter\Model->__call('getSeferSaatUcret', [])
 2 SYSTEMPATH\CodeIgniter.php(941): App\Controllers\TicketPrice->ticketprice()
 3 SYSTEMPATH\CodeIgniter.php(502): CodeIgniter\CodeIgniter->runController(Object(App\Controllers\TicketPrice))
 4 SYSTEMPATH\CodeIgniter.php(361): CodeIgniter\CodeIgniter->handleRequest(null, Object(Config\Cache), false)
 5 FCPATH\index.php(79): CodeIgniter\CodeIgniter->run()
 6 SYSTEMPATH\Commands\Server\rewrite.php(47): require_once('C:\\xampp\\htdocs\\CodeIgniter-umuttepe\\public\\index.php')
CRITICAL - 2024-03-21 09:16:53 --> BadMethodCallException: Call to undefined method App\Models\Sefer_model::getSeferler
in SYSTEMPATH\Model.php on line 874.
 1 APPPATH\Controllers\Home.php(18): CodeIgniter\Model->__call('getSeferler', [...])
 2 SYSTEMPATH\CodeIgniter.php(941): App\Controllers\Home->index()
 3 SYSTEMPATH\CodeIgniter.php(502): CodeIgniter\CodeIgniter->runController(Object(App\Controllers\Home))
 4 SYSTEMPATH\CodeIgniter.php(361): CodeIgniter\CodeIgniter->handleRequest(null, Object(Config\Cache), false)
 5 FCPATH\index.php(79): CodeIgniter\CodeIgniter->run()
CRITICAL - 2024-03-21 09:16:56 --> BadMethodCallException: Call to undefined method App\Models\Sefer_model::getSeferler
in SYSTEMPATH\Model.php on line 874.
 1 APPPATH\Controllers\Home.php(18): CodeIgniter\Model->__call('getSeferler', [...])
 2 SYSTEMPATH\CodeIgniter.php(941): App\Controllers\Home->index()
 3 SYSTEMPATH\CodeIgniter.php(502): CodeIgniter\CodeIgniter->runController(Object(App\Controllers\Home))
 4 SYSTEMPATH\CodeIgniter.php(361): CodeIgniter\CodeIgniter->handleRequest(null, Object(Config\Cache), false)
 5 FCPATH\index.php(79): CodeIgniter\CodeIgniter->run()
CRITICAL - 2024-03-21 09:17:05 --> BadMethodCallException: Call to undefined method App\Models\Sefer_model::getSeferler
in SYSTEMPATH\Model.php on line 874.
 1 APPPATH\Controllers\Home.php(18): CodeIgniter\Model->__call('getSeferler', [...])
 2 SYSTEMPATH\CodeIgniter.php(941): App\Controllers\Home->index()
 3 SYSTEMPATH\CodeIgniter.php(502): CodeIgniter\CodeIgniter->runController(Object(App\Controllers\Home))
 4 SYSTEMPATH\CodeIgniter.php(361): CodeIgniter\CodeIgniter->handleRequest(null, Object(Config\Cache), false)
 5 FCPATH\index.php(79): CodeIgniter\CodeIgniter->run()
CRITICAL - 2024-03-21 09:17:07 --> BadMethodCallException: Call to undefined method App\Models\Sefer_model::getSeferler
in SYSTEMPATH\Model.php on line 874.
 1 APPPATH\Controllers\Home.php(18): CodeIgniter\Model->__call('getSeferler', [...])
 2 SYSTEMPATH\CodeIgniter.php(941): App\Controllers\Home->index()
 3 SYSTEMPATH\CodeIgniter.php(502): CodeIgniter\CodeIgniter->runController(Object(App\Controllers\Home))
 4 SYSTEMPATH\CodeIgniter.php(361): CodeIgniter\CodeIgniter->handleRequest(null, Object(Config\Cache), false)
 5 FCPATH\index.php(79): CodeIgniter\CodeIgniter->run()
CRITICAL - 2024-03-21 09:17:08 --> BadMethodCallException: Call to undefined method App\Models\Sefer_model::getSeferler
in SYSTEMPATH\Model.php on line 874.
 1 APPPATH\Controllers\Home.php(18): CodeIgniter\Model->__call('getSeferler', [...])
 2 SYSTEMPATH\CodeIgniter.php(941): App\Controllers\Home->index()
 3 SYSTEMPATH\CodeIgniter.php(502): CodeIgniter\CodeIgniter->runController(Object(App\Controllers\Home))
 4 SYSTEMPATH\CodeIgniter.php(361): CodeIgniter\CodeIgniter->handleRequest(null, Object(Config\Cache), false)
 5 FCPATH\index.php(79): CodeIgniter\CodeIgniter->run()
CRITICAL - 2024-03-21 09:19:41 --> BadMethodCallException: Call to undefined method App\Models\Sefer_model::getSeferler
in SYSTEMPATH\Model.php on line 874.
 1 APPPATH\Controllers\Home.php(19): CodeIgniter\Model->__call('getSeferler', [...])
 2 SYSTEMPATH\CodeIgniter.php(941): App\Controllers\Home->index()
 3 SYSTEMPATH\CodeIgniter.php(502): CodeIgniter\CodeIgniter->runController(Object(App\Controllers\Home))
 4 SYSTEMPATH\CodeIgniter.php(361): CodeIgniter\CodeIgniter->handleRequest(null, Object(Config\Cache), false)
 5 FCPATH\index.php(79): CodeIgniter\CodeIgniter->run()
