CRITICAL - 2024-03-18 12:43:36 --> ErrorException: Undefined variable $seferler
in APPPATH\Views\TicketPrice.php on line 241.
 1 APPPATH\Views\TicketPrice.php(241): CodeIgniter\Debug\Exceptions->errorHandler(2, 'Undefined variable $seferler', 'C:\\xampp\\htdocs\\CodeIgniter-umuttepe\\app\\Views\\TicketPrice.php', 241)
 2 SYSTEMPATH\View\View.php(228): include('C:\\xampp\\htdocs\\CodeIgniter-umuttepe\\app\\Views\\TicketPrice.php')
 3 SYSTEMPATH\View\View.php(231): CodeIgniter\View\View->CodeIgniter\View\{closure}()
 4 SYSTEMPATH\Common.php(1178): CodeIgniter\View\View->render('ticketprice', [], true)
 5 APPPATH\Controllers\TicketPrice.php(11): view('ticketprice')
 6 SYSTEMPATH\CodeIgniter.php(941): App\Controllers\ticketprice->ticketprice()
 7 SYSTEMPATH\CodeIgniter.php(502): CodeIgniter\CodeIgniter->runController(Object(App\Controllers\ticketprice))
 8 SYSTEMPATH\CodeIgniter.php(361): CodeIgniter\CodeIgniter->handleRequest(null, Object(Config\Cache), false)
 9 FCPATH\index.php(79): CodeIgniter\CodeIgniter->run()
10 SYSTEMPATH\Commands\Server\rewrite.php(47): require_once('C:\\xampp\\htdocs\\CodeIgniter-umuttepe\\public\\index.php')
CRITICAL - 2024-03-18 12:43:40 --> ErrorException: Undefined variable $seferler
in APPPATH\Views\TicketPrice.php on line 241.
 1 APPPATH\Views\TicketPrice.php(241): CodeIgniter\Debug\Exceptions->errorHandler(2, 'Undefined variable $seferler', 'C:\\xampp\\htdocs\\CodeIgniter-umuttepe\\app\\Views\\TicketPrice.php', 241)
 2 SYSTEMPATH\View\View.php(228): include('C:\\xampp\\htdocs\\CodeIgniter-umuttepe\\app\\Views\\TicketPrice.php')
 3 SYSTEMPATH\View\View.php(231): CodeIgniter\View\View->CodeIgniter\View\{closure}()
 4 SYSTEMPATH\Common.php(1178): CodeIgniter\View\View->render('ticketprice', [], true)
 5 APPPATH\Controllers\TicketPrice.php(11): view('ticketprice')
 6 SYSTEMPATH\CodeIgniter.php(941): App\Controllers\ticketprice->ticketprice()
 7 SYSTEMPATH\CodeIgniter.php(502): CodeIgniter\CodeIgniter->runController(Object(App\Controllers\ticketprice))
 8 SYSTEMPATH\CodeIgniter.php(361): CodeIgniter\CodeIgniter->handleRequest(null, Object(Config\Cache), false)
 9 FCPATH\index.php(79): CodeIgniter\CodeIgniter->run()
10 SYSTEMPATH\Commands\Server\rewrite.php(47): require_once('C:\\xampp\\htdocs\\CodeIgniter-umuttepe\\public\\index.php')
CRITICAL - 2024-03-18 12:43:43 --> ErrorException: Undefined variable $seferler
in APPPATH\Views\TicketPrice.php on line 241.
 1 APPPATH\Views\TicketPrice.php(241): CodeIgniter\Debug\Exceptions->errorHandler(2, 'Undefined variable $seferler', 'C:\\xampp\\htdocs\\CodeIgniter-umuttepe\\app\\Views\\TicketPrice.php', 241)
 2 SYSTEMPATH\View\View.php(228): include('C:\\xampp\\htdocs\\CodeIgniter-umuttepe\\app\\Views\\TicketPrice.php')
 3 SYSTEMPATH\View\View.php(231): CodeIgniter\View\View->CodeIgniter\View\{closure}()
 4 SYSTEMPATH\Common.php(1178): CodeIgniter\View\View->render('ticketprice', [], true)
 5 APPPATH\Controllers\TicketPrice.php(11): view('ticketprice')
 6 SYSTEMPATH\CodeIgniter.php(941): App\Controllers\ticketprice->ticketprice()
 7 SYSTEMPATH\CodeIgniter.php(502): CodeIgniter\CodeIgniter->runController(Object(App\Controllers\ticketprice))
 8 SYSTEMPATH\CodeIgniter.php(361): CodeIgniter\CodeIgniter->handleRequest(null, Object(Config\Cache), false)
 9 FCPATH\index.php(79): CodeIgniter\CodeIgniter->run()
10 SYSTEMPATH\Commands\Server\rewrite.php(47): require_once('C:\\xampp\\htdocs\\CodeIgniter-umuttepe\\public\\index.php')
CRITICAL - 2024-03-18 12:43:48 --> ErrorException: Undefined variable $seferler
in APPPATH\Views\TicketPrice.php on line 241.
 1 APPPATH\Views\TicketPrice.php(241): CodeIgniter\Debug\Exceptions->errorHandler(2, 'Undefined variable $seferler', 'C:\\xampp\\htdocs\\CodeIgniter-umuttepe\\app\\Views\\TicketPrice.php', 241)
 2 SYSTEMPATH\View\View.php(228): include('C:\\xampp\\htdocs\\CodeIgniter-umuttepe\\app\\Views\\TicketPrice.php')
 3 SYSTEMPATH\View\View.php(231): CodeIgniter\View\View->CodeIgniter\View\{closure}()
 4 SYSTEMPATH\Common.php(1178): CodeIgniter\View\View->render('ticketprice', [], true)
 5 APPPATH\Controllers\TicketPrice.php(11): view('ticketprice')
 6 SYSTEMPATH\CodeIgniter.php(941): App\Controllers\ticketprice->ticketprice()
 7 SYSTEMPATH\CodeIgniter.php(502): CodeIgniter\CodeIgniter->runController(Object(App\Controllers\ticketprice))
 8 SYSTEMPATH\CodeIgniter.php(361): CodeIgniter\CodeIgniter->handleRequest(null, Object(Config\Cache), false)
 9 FCPATH\index.php(79): CodeIgniter\CodeIgniter->run()
10 SYSTEMPATH\Commands\Server\rewrite.php(47): require_once('C:\\xampp\\htdocs\\CodeIgniter-umuttepe\\public\\index.php')
CRITICAL - 2024-03-18 12:43:51 --> ErrorException: Undefined variable $seferler
in APPPATH\Views\TicketPrice.php on line 241.
 1 APPPATH\Views\TicketPrice.php(241): CodeIgniter\Debug\Exceptions->errorHandler(2, 'Undefined variable $seferler', 'C:\\xampp\\htdocs\\CodeIgniter-umuttepe\\app\\Views\\TicketPrice.php', 241)
 2 SYSTEMPATH\View\View.php(228): include('C:\\xampp\\htdocs\\CodeIgniter-umuttepe\\app\\Views\\TicketPrice.php')
 3 SYSTEMPATH\View\View.php(231): CodeIgniter\View\View->CodeIgniter\View\{closure}()
 4 SYSTEMPATH\Common.php(1178): CodeIgniter\View\View->render('ticketprice', [], true)
 5 APPPATH\Controllers\TicketPrice.php(11): view('ticketprice')
 6 SYSTEMPATH\CodeIgniter.php(941): App\Controllers\ticketprice->ticketprice()
 7 SYSTEMPATH\CodeIgniter.php(502): CodeIgniter\CodeIgniter->runController(Object(App\Controllers\ticketprice))
 8 SYSTEMPATH\CodeIgniter.php(361): CodeIgniter\CodeIgniter->handleRequest(null, Object(Config\Cache), false)
 9 FCPATH\index.php(79): CodeIgniter\CodeIgniter->run()
10 SYSTEMPATH\Commands\Server\rewrite.php(47): require_once('C:\\xampp\\htdocs\\CodeIgniter-umuttepe\\public\\index.php')
CRITICAL - 2024-03-18 12:44:29 --> ErrorException: Undefined variable $seferler
in APPPATH\Views\TicketPrice.php on line 241.
 1 APPPATH\Views\TicketPrice.php(241): CodeIgniter\Debug\Exceptions->errorHandler(2, 'Undefined variable $seferler', 'C:\\xampp\\htdocs\\CodeIgniter-umuttepe\\app\\Views\\TicketPrice.php', 241)
 2 SYSTEMPATH\View\View.php(228): include('C:\\xampp\\htdocs\\CodeIgniter-umuttepe\\app\\Views\\TicketPrice.php')
 3 SYSTEMPATH\View\View.php(231): CodeIgniter\View\View->CodeIgniter\View\{closure}()
 4 SYSTEMPATH\Common.php(1178): CodeIgniter\View\View->render('ticketprice', [], true)
 5 APPPATH\Controllers\TicketPrice.php(11): view('ticketprice')
 6 SYSTEMPATH\CodeIgniter.php(941): App\Controllers\ticketprice->ticketprice()
 7 SYSTEMPATH\CodeIgniter.php(502): CodeIgniter\CodeIgniter->runController(Object(App\Controllers\ticketprice))
 8 SYSTEMPATH\CodeIgniter.php(361): CodeIgniter\CodeIgniter->handleRequest(null, Object(Config\Cache), false)
 9 FCPATH\index.php(79): CodeIgniter\CodeIgniter->run()
10 SYSTEMPATH\Commands\Server\rewrite.php(47): require_once('C:\\xampp\\htdocs\\CodeIgniter-umuttepe\\public\\index.php')
